<?xml version="1.0" encoding="UTF-8"?>
<testng-results ignored="0" total="1" passed="1" failed="0" skipped="0">
  <reporter-output>
  </reporter-output>
  <suite started-at="2020-07-25T02:05:11Z" name="Test1" finished-at="2020-07-25T02:05:18Z" duration-ms="7147">
    <groups>
    </groups>
    <test started-at="2020-07-25T02:05:11Z" name="Command line test" finished-at="2020-07-25T02:05:18Z" duration-ms="7147">
      <class name="Test1">
        <test-method signature="navigateTo()[pri:0, instance:Test1@38bc8ab5]" started-at="2020-07-25T02:05:11Z" name="navigateTo" finished-at="2020-07-25T02:05:18Z" duration-ms="7128" status="PASS">
          <reporter-output>
          </reporter-output>
        </test-method> <!-- navigateTo -->
      </class> <!-- Test1 -->
    </test> <!-- Command line test -->
  </suite> <!-- Test1 -->
</testng-results>
